0 info it worked if it ends with ok
1 verbose cli [ '/home/ivo/.nvm/versions/node/v6.4.0/bin/node',
1 verbose cli   '/home/ivo/.nvm/versions/node/v6.4.0/bin/npm',
1 verbose cli   'run',
1 verbose cli   'deploy' ]
2 info using npm@3.10.3
3 info using node@v6.4.0
4 verbose run-script [ 'predeploy', 'deploy', 'postdeploy' ]
5 info lifecycle shop-phone-temp@0.1.0~predeploy: shop-phone-temp@0.1.0
6 verbose lifecycle shop-phone-temp@0.1.0~predeploy: unsafe-perm in lifecycle true
7 verbose lifecycle shop-phone-temp@0.1.0~predeploy: PATH: /home/ivo/.nvm/versions/node/v6.4.0/lib/node_modules/npm/bin/node-gyp-bin:/home/ivo/Work/reactProjects/shop-phone/node_modules/.bin:/home/ivo/.nvm/versions/node/v6.4.0/bin:/home/ivo/.nvm/versions/node/v6.4.0/bin:/usr/local/sbin:/usr/local/bin:/usr/sbin:/usr/bin:/sbin:/bin:/usr/games:/usr/local/games:/snap/bin:/usr/lib/jvm/java-8-oracle/bin:/usr/lib/jvm/java-8-oracle/db/bin:/usr/lib/jvm/java-8-oracle/jre/bin
8 verbose lifecycle shop-phone-temp@0.1.0~predeploy: CWD: /home/ivo/Work/reactProjects/shop-phone
9 silly lifecycle shop-phone-temp@0.1.0~predeploy: Args: [ '-c', 'npm run build' ]
10 silly lifecycle shop-phone-temp@0.1.0~predeploy: Returned: code: 1  signal: null
11 info lifecycle shop-phone-temp@0.1.0~predeploy: Failed to exec predeploy script
12 verbose stack Error: shop-phone-temp@0.1.0 predeploy: `npm run build`
12 verbose stack Exit status 1
12 verbose stack     at EventEmitter.<anonymous> (/home/ivo/.nvm/versions/node/v6.4.0/lib/node_modules/npm/lib/utils/lifecycle.js:242:16)
12 verbose stack     at emitTwo (events.js:106:13)
12 verbose stack     at EventEmitter.emit (events.js:191:7)
12 verbose stack     at ChildProcess.<anonymous> (/home/ivo/.nvm/versions/node/v6.4.0/lib/node_modules/npm/lib/utils/spawn.js:40:14)
12 verbose stack     at emitTwo (events.js:106:13)
12 verbose stack     at ChildProcess.emit (events.js:191:7)
12 verbose stack     at maybeClose (internal/child_process.js:852:16)
12 verbose stack     at Process.ChildProcess._handle.onexit (internal/child_process.js:215:5)
13 verbose pkgid shop-phone-temp@0.1.0
14 verbose cwd /home/ivo/Work/reactProjects/shop-phone
15 error Linux 4.15.0-46-generic
16 error argv "/home/ivo/.nvm/versions/node/v6.4.0/bin/node" "/home/ivo/.nvm/versions/node/v6.4.0/bin/npm" "run" "deploy"
17 error node v6.4.0
18 error npm  v3.10.3
19 error code ELIFECYCLE
20 error shop-phone-temp@0.1.0 predeploy: `npm run build`
20 error Exit status 1
21 error Failed at the shop-phone-temp@0.1.0 predeploy script 'npm run build'.
21 error Make sure you have the latest version of node.js and npm installed.
21 error If you do, this is most likely a problem with the shop-phone-temp package,
21 error not with npm itself.
21 error Tell the author that this fails on your system:
21 error     npm run build
21 error You can get information on how to open an issue for this project with:
21 error     npm bugs shop-phone-temp
21 error Or if that isn't available, you can get their info via:
21 error     npm owner ls shop-phone-temp
21 error There is likely additional logging output above.
22 verbose exit [ 1, true ]
